[debug] [2026-04-23T14:40:07.093Z] ----------------------------------------------------------------------
[debug] [2026-04-23T14:40:07.101Z] Command:       C:\Program Files\nodejs\node.exe C:\Users\Abishan\AppData\Roaming\npm\node_modules\firebase-tools\lib\bin\firebase.js init
[debug] [2026-04-23T14:40:07.102Z] CLI Version:   15.15.0
[debug] [2026-04-23T14:40:07.102Z] Platform:      win32
[debug] [2026-04-23T14:40:07.103Z] Node Version:  v24.11.0
[debug] [2026-04-23T14:40:07.103Z] Time:          Thu Apr 23 2026 20:10:07 GMT+0530 (India Standard Time)
[debug] [2026-04-23T14:40:07.103Z] ----------------------------------------------------------------------
[debug] 
[info] 
     ######## #### ########  ######## ########     ###     ######  ########
     ##        ##  ##     ## ##       ##     ##  ##   ##  ##       ##
     ######    ##  ########  ######   ########  #########  ######  ######
     ##        ##  ##    ##  ##       ##     ## ##     ##       ## ##
     ##       #### ##     ## ######## ########  ##     ##  ######  ########

You're about to initialize a Firebase project in this directory:

  C:\Users\Abishan\Downloads\b_tUAyXuNuP0I

[debug] [2026-04-23T14:56:06.256Z] ExitPromptError: User force closed the prompt with SIGINT
    at Interface.sigint (C:\Users\Abishan\AppData\Roaming\npm\node_modules\firebase-tools\node_modules\@inquirer\core\dist\commonjs\lib\create-prompt.js:101:37)
    at Interface.emit (node:events:508:28)
    at [_ttyWrite] [as _ttyWrite] (node:internal/readline/interface:1317:18)
    at ReadStream.onkeypress (node:internal/readline/interface:284:20)
    at ReadStream.emit (node:events:520:35)
    at emitKeys (node:internal/readline/utils:371:14)
    at emitKeys.next (<anonymous>)
    at ReadStream.onData (node:internal/readline/emitKeypressEvents:64:36)
    at ReadStream.emit (node:events:508:28)
    at addChunk (node:internal/streams/readable:559:12)
[error] 
[error] Error: An unexpected error has occurred.
